<?xml version="1.0" encoding="UTF-8"?>
<!-- Generated by org.testng.reporters.JUnitReportReporter -->
<testsuite skipped="0" hostname="DESKTOP-0HG7EU4" name="org.j2.faxqa.efax.corporate.myaccount.tests.MyAccountTests" tests="3" failures="1" timestamp="2020-02-13T14:31:58 IST" time="446.391" errors="0">
  <testcase name="verifySendOutboundReceiveInboundFaxFunctionality" time="175.692" classname="org.j2.faxqa.efax.corporate.myaccount.tests.MyAccountTests"/>
  <system-out>
14:24:29.984 [main] INFO : WebBrowser = chrome 14:24:29.991 [main] INFO : Using chromedriver 80.0.3987.16 (since Google Chrome 80 is installed in your machine) 14:24:29.993 [main] INFO : Exporting webdriver.chrome.driver as C:\Users\Jagadeesh\.m2\repository\webdriver\chromedriver\win32\80.0.3987.16\chromedriver.exe 14:24:35.320 [main] INFO : Created ThreadLocal webdriver. 14:24:39.349 [main] INFO : Setting  implicitlyWait to '10' seconds 14:24:39.369 [main] INFO : Setting document.body.style.zoom='80%'; 14:24:43.795 [main] INFO : Initializing page - Login 14:24:52.358 [main] INFO : Initializing page - eFax Corporate: Create New User 14:24:52.364 [main] INFO : Initializing page - eFax Corporate: Create New User 14:24:59.057 [main] INFO : Initializing page - eFax Corporate: Create New User 14:24:59.061 [main] INFO : Initializing page - eFax Corporate: Create New User 14:25:05.949 [main] INFO : Initializing page - eFax Corporate: Edit User 14:25:26.668 [main] INFO : Initializing page - eFax Corporate: Log into My Account | Internet Fax Services Login 14:26:43.033 [main] INFO : Initializing page - My Account - Account Details 14:26:43.038 [main] INFO : Initializing page - My Account - Account Details 14:26:53.271 [main] INFO : Initializing page - eFax Corporate: Log into My Account | Internet Fax Services Login 14:27:18.870 [main] INFO : Initializing page - My Account 14:27:19.276 [main] INFO : Initializing page - My Account 14:27:19.562 [main] INFO : Recipient FirstName field set to QATomas 14:27:19.633 [main] INFO : Recipient LastName field set to Wisozk 14:27:19.779 [main] INFO : Receipent Company field set to McGlynn, Douglas and Stiedemann 14:27:19.899 [main] INFO : Fax Number field set to 15622868311 14:27:19.967 [main] INFO : Add contact button enabled. 14:27:20.103 [main] INFO : reference Id field set to REFxcvza917r 14:27:20.658 [main] INFO : Fax Quality field set to Standard 14:27:20.717 [main] INFO : Send Receipt field set to deafult first email. 14:27:20.734 [main] INFO : Coverage option enabled. 14:27:20.852 [main] INFO : Subject field set to Test Send Fax - 5886tdji 14:27:20.940 [main] INFO : Message body field set to Message Body - 5710gfgs 14:27:21.015 [main] INFO : Uploaded attachment - C:\Users\Jagadeesh\eclipse-workspace\end-to-end-web\src\test\resources\sendrast\ANSII - Text - English.txt 14:27:21.064 [main] INFO : Uploaded attachment - C:\Users\Jagadeesh\eclipse-workspace\end-to-end-web\src\test\resources\sendrast\MBCS - Text - Chinese - Big5.txt 14:27:21.111 [main] INFO : Uploaded attachment - C:\Users\Jagadeesh\eclipse-workspace\end-to-end-web\src\test\resources\sendrast\MBCS - Text - Chinese - GB2312.txt 14:27:21.160 [main] INFO : Uploaded attachment - C:\Users\Jagadeesh\eclipse-workspace\end-to-end-web\src\test\resources\sendrast\MBCS - Text - Japanese - Shift-Jis.txt 14:27:21.203 [main] INFO : Uploaded attachment - C:\Users\Jagadeesh\eclipse-workspace\end-to-end-web\src\test\resources\sendrast\Unicode - Text - Japanese - UTF16.txt 14:27:21.252 [main] INFO : Uploaded attachment - C:\Users\Jagadeesh\eclipse-workspace\end-to-end-web\src\test\resources\sendrast\Unicode - Text - SimplifiedChinese - UTF8.txt 14:27:21.298 [main] INFO : Uploaded attachment - C:\Users\Jagadeesh\eclipse-workspace\end-to-end-web\src\test\resources\sendrast\Unicode - Text - TraditionalChinese - UTF16.txt 14:27:21.355 [main] INFO : Sending fax...  </system-out>
  <testcase name="shouldBeAbleToCreateNewMyAccountUser" time="104.840" classname="org.j2.faxqa.efax.corporate.myaccount.tests.MyAccountTests"/>
  <system-out>
14:27:26.262 [main] INFO : WebBrowser = chrome 14:27:26.269 [main] INFO : Using chromedriver 80.0.3987.16 (since Google Chrome 80 is installed in your machine) 14:27:26.273 [main] INFO : Exporting webdriver.chrome.driver as C:\Users\Jagadeesh\.m2\repository\webdriver\chromedriver\win32\80.0.3987.16\chromedriver.exe 14:27:31.396 [main] INFO : Created ThreadLocal webdriver. 14:27:35.417 [main] INFO : Setting  implicitlyWait to '10' seconds 14:27:35.424 [main] INFO : Setting document.body.style.zoom='80%'; 14:27:40.375 [main] INFO : Initializing page - Login 14:27:53.625 [main] INFO : Initializing page - eFax Corporate: Create New User 14:27:53.629 [main] INFO : Initializing page - eFax Corporate: Create New User 14:28:04.768 [main] INFO : Initializing page - eFax Corporate: Create New User 14:28:04.772 [main] INFO : Initializing page - eFax Corporate: Create New User 14:28:11.125 [main] INFO : Initializing page - eFax Corporate: Edit User 14:28:34.612 [main] INFO : Initializing page - eFax Corporate: Log into My Account | Internet Fax Services Login 14:29:01.294 [main] INFO : Initializing page - My Account - Account Details 14:29:01.297 [main] INFO : Initializing page - My Account - Account Details  </system-out>
  <testcase name="ableToReceiveAndViewFaxWhenStorageEnabledONFromMGMT" time="165.859" classname="org.j2.faxqa.efax.corporate.myaccount.tests.MyAccountTests">
    <failure type="java.lang.AssertionError" message="null">
      <![CDATA[java.lang.AssertionError: null
at org.testng.Assert.fail(Assert.java:97)
at org.testng.Assert.fail(Assert.java:102)
at org.j2.faxqa.efax.corporate.myaccount.tests.MyAccountTests.ableToReceiveAndViewFaxWhenStorageEnabledONFromMGMT(MyAccountTests.java:82)
at sun.reflect.NativeMethodAccessorImpl.invoke0(Native Method)
at sun.reflect.NativeMethodAccessorImpl.invoke(NativeMethodAccessorImpl.java:62)
at sun.reflect.DelegatingMethodAccessorImpl.invoke(DelegatingMethodAccessorImpl.java:43)
at java.lang.reflect.Method.invoke(Method.java:498)
at org.testng.internal.MethodInvocationHelper.invokeMethod(MethodInvocationHelper.java:134)
at org.testng.internal.TestInvoker.invokeMethod(TestInvoker.java:597)
at org.testng.internal.TestInvoker.invokeTestMethod(TestInvoker.java:173)
at org.testng.internal.MethodRunner.runInSequence(MethodRunner.java:46)
at org.testng.internal.TestInvoker$MethodInvocationAgent.invoke(TestInvoker.java:816)
at org.testng.internal.TestInvoker.invokeTestMethods(TestInvoker.java:146)
at org.testng.internal.TestMethodWorker.invokeTestMethods(TestMethodWorker.java:146)
at org.testng.internal.TestMethodWorker.run(TestMethodWorker.java:128)
at java.util.ArrayList.forEach(ArrayList.java:1257)
at org.testng.TestRunner.privateRun(TestRunner.java:766)
at org.testng.TestRunner.run(TestRunner.java:587)
at org.testng.SuiteRunner.runTest(SuiteRunner.java:384)
at org.testng.SuiteRunner.runSequentially(SuiteRunner.java:378)
at org.testng.SuiteRunner.privateRun(SuiteRunner.java:337)
at org.testng.SuiteRunner.run(SuiteRunner.java:286)
at org.testng.SuiteRunnerWorker.runSuite(SuiteRunnerWorker.java:53)
at org.testng.SuiteRunnerWorker.run(SuiteRunnerWorker.java:96)
at org.testng.TestNG.runSuitesSequentially(TestNG.java:1187)
at org.testng.TestNG.runSuitesLocally(TestNG.java:1109)
at org.testng.TestNG.runSuites(TestNG.java:1039)
at org.testng.TestNG.run(TestNG.java:1007)
at org.testng.remote.AbstractRemoteTestNG.run(AbstractRemoteTestNG.java:115)
at org.testng.remote.RemoteTestNG.initAndRun(RemoteTestNG.java:251)
at org.testng.remote.RemoteTestNG.main(RemoteTestNG.java:77)
]]>
    </failure>
  </testcase> <!-- ableToReceiveAndViewFaxWhenStorageEnabledONFromMGMT -->
  <system-out>
14:29:11.697 [main] INFO : WebBrowser = chrome 14:29:11.704 [main] INFO : Using chromedriver 80.0.3987.16 (since Google Chrome 80 is installed in your machine) 14:29:11.706 [main] INFO : Exporting webdriver.chrome.driver as C:\Users\Jagadeesh\.m2\repository\webdriver\chromedriver\win32\80.0.3987.16\chromedriver.exe 14:29:16.766 [main] INFO : Created ThreadLocal webdriver. 14:29:20.797 [main] INFO : Setting  implicitlyWait to '10' seconds 14:29:20.813 [main] INFO : Setting document.body.style.zoom='80%'; 14:29:25.233 [main] INFO : Initializing page - Login 14:29:34.914 [main] INFO : Initializing page - eFax Corporate: Create New User 14:29:34.918 [main] INFO : Initializing page - eFax Corporate: Create New User 14:29:40.002 [main] INFO : Initializing page - eFax Corporate: Create New User 14:29:40.005 [main] INFO : Initializing page - eFax Corporate: Create New User 14:29:46.196 [main] INFO : Initializing page - eFax Corporate: Edit User 14:30:09.881 [main] INFO : Initializing page - eFax Corporate: Log into My Account | Internet Fax Services Login 14:30:39.244 [main] INFO : Initializing page - My Account - Account Details 14:30:39.247 [main] INFO : Initializing page - My Account - Account Details 14:30:47.414 [main] INFO : Initializing page - eFax Corporate: Log into My Account | Internet Fax Services Login 14:31:04.221 [main] INFO : Initializing page - My Account 14:31:05.158 [main] INFO : Initializing page - My Account 14:31:05.266 [main] INFO : Recipient FirstName field set to QARosanne 14:31:05.336 [main] INFO : Recipient LastName field set to Friesen 14:31:05.433 [main] INFO : Receipent Company field set to Lynch-Brekke 14:31:05.572 [main] INFO : Fax Number field set to 15622868219 14:31:05.639 [main] INFO : Add contact button enabled. 14:31:05.767 [main] INFO : reference Id field set to REFvnnkc750k 14:31:06.269 [main] INFO : Fax Quality field set to Standard 14:31:06.327 [main] INFO : Send Receipt field set to deafult first email. 14:31:06.343 [main] INFO : Coverage option enabled. 14:31:06.461 [main] INFO : Subject field set to Test Send Fax - 6147tfre 14:31:06.541 [main] INFO : Message body field set to Message Body - 6983oxra 14:31:06.609 [main] INFO : Uploaded attachment - C:\Users\Jagadeesh\eclipse-workspace\end-to-end-web\src\test\resources\sendrast\ANSII - Text - English.txt 14:31:06.656 [main] INFO : Uploaded attachment - C:\Users\Jagadeesh\eclipse-workspace\end-to-end-web\src\test\resources\sendrast\MBCS - Text - Chinese - Big5.txt 14:31:06.705 [main] INFO : Uploaded attachment - C:\Users\Jagadeesh\eclipse-workspace\end-to-end-web\src\test\resources\sendrast\MBCS - Text - Chinese - GB2312.txt 14:31:06.754 [main] INFO : Uploaded attachment - C:\Users\Jagadeesh\eclipse-workspace\end-to-end-web\src\test\resources\sendrast\MBCS - Text - Japanese - Shift-Jis.txt 14:31:06.802 [main] INFO : Uploaded attachment - C:\Users\Jagadeesh\eclipse-workspace\end-to-end-web\src\test\resources\sendrast\Unicode - Text - Japanese - UTF16.txt 14:31:06.851 [main] INFO : Uploaded attachment - C:\Users\Jagadeesh\eclipse-workspace\end-to-end-web\src\test\resources\sendrast\Unicode - Text - SimplifiedChinese - UTF8.txt 14:31:06.913 [main] INFO : Uploaded attachment - C:\Users\Jagadeesh\eclipse-workspace\end-to-end-web\src\test\resources\sendrast\Unicode - Text - TraditionalChinese - UTF16.txt 14:31:06.984 [main] INFO : Sending fax... 14:31:08.199 [main] INFO : Initializing page - My Account 14:31:32.342 [main] INFO : Initializing page - Main MessageCenter™ Page (View Faxes) 14:31:32.343 [main] INFO : Expected inbound fax Timeout set to 60 seconds. 14:31:32.343 [main] INFO : SenderID = 15622868219 14:31:52.011 [main] INFO : Waiting for the fax... <br><img src='C:\Users\Jagadeesh\eclipse-workspace\end-to-end-web\target\surefire-reports\Suite\screenshots\maincaptureScreen.png' style="width: 33%; height: 33%"  </system-out>
</testsuite> <!-- org.j2.faxqa.efax.corporate.myaccount.tests.MyAccountTests -->
